#
# A fatal error has been detected by the Java Runtime Environment:
#
#  EXCEPTION_ACCESS_VIOLATION (0xc0000005) at pc=0x663dd77d, pid=5152, tid=2088
#
# JRE version: Java(TM) SE Runtime Environment (7.0_45-b18) (build 1.7.0_45-b18)
# Java VM: Java HotSpot(TM) Client VM (24.45-b08 mixed mode, sharing windows-x86 )
# Problematic frame:
# C  [msvcr100.dll+0x4d77d]
#
# Failed to write core dump. Minidumps are not enabled by default on client versions of Windows
#
# If you would like to submit a bug report, please visit:
#   http://bugreport.sun.com/bugreport/crash.jsp
# The crash happened outside the Java Virtual Machine in native code.
# See problematic frame for where to report the bug.
#

---------------  T H R E A D  ---------------

Current thread (0x0090cc00):  JavaThread "main" [_thread_in_native, id=2088, stack(0x00d40000,0x00d90000)]

siginfo: ExceptionCode=0xc0000005, reading address 0x00000008

Registers:
EAX=0x00000000, EBX=0x00000000, ECX=0x0406b458, EDX=0x00000000
ESP=0x00d8a634, EBP=0x00d8a65c, ESI=0x0406b458, EDI=0x00000001
EIP=0x663dd77d, EFLAGS=0x00010202

Top of Stack: (sp=0x00d8a634)
0x00d8a634:   00d8a64c 483b0358 00000001 04e282b8
0x00d8a644:   00000000 00000000 00000004 00d8a6ac
0x00d8a654:   66440020 ffffffff 00d8a674 663dc515
0x00d8a664:   0405daa8 00000000 664455e4 00000001
0x00d8a674:   00d8a6b8 663e0213 0406b458 00010000
0x00d8a684:   483b038c 00000004 00000000 663e0064
0x00d8a694:   663e0071 483b03bc 00000004 00d8a6d8
0x00d8a6a4:   00000000 664455dc 00d8a6dc 6643fb6c 

Instructions: (pc=0x663dd77d)
0x663dd75d:   00 00 00 3b 46 08 72 ea c9 c3 6a 08 b8 20 00 44
0x663dd76d:   66 e8 27 df fc ff 8b f1 8b 06 8d 4d f0 51 8b ce
0x663dd77d:   ff 50 08 83 65 fc 00 6a 00 8d 4d f0 e8 63 49 00
0x663dd78d:   00 83 e8 00 74 3f 48 74 0c ff 75 f0 e8 d6 29 fc 


Register to memory mapping:

EAX=0x00000000 is an unknown value
EBX=0x00000000 is an unknown value
ECX=0x0406b458 is an unknown value
EDX=0x00000000 is an unknown value
ESP=0x00d8a634 is pointing into the stack for thread: 0x0090cc00
EBP=0x00d8a65c is pointing into the stack for thread: 0x0090cc00
ESI=0x0406b458 is an unknown value
EDI=0x00000001 is an unknown value


Stack: [0x00d40000,0x00d90000],  sp=0x00d8a634,  free space=297k
Native frames: (J=compiled Java code, j=interpreted, Vv=VM code, C=native code)
C  [msvcr100.dll+0x4d77d]
C  [msvcr100.dll+0x4c515]
C  [msvcr100.dll+0x50213]
C  [msvcr100.dll+0x50414]
C  [msvcr100.dll+0x50342]
C  [opencv_core246.dll+0x128f1e]
C  [opencv_imgproc246.dll+0x27d6f]
C  [opencv_imgproc246.dll+0x336ce]
C  [opencv_features2d246.dll+0x677ca]
C  [opencv_features2d246.dll+0x640df]
C  [opencv_features2d246.dll+0x2eddd]
C  [jniopencv_features2d.dll+0x15dec]

Java frames: (J=compiled Java code, j=interpreted, Vv=VM code)
j  com.googlecode.javacv.cpp.opencv_features2d$FeatureDetector.detect(Lcom/googlecode/javacv/cpp/opencv_core$CvArr;Lcom/googlecode/javacv/cpp/opencv_features2d$KeyPoint;Lcom/googlecode/javacv/cpp/opencv_core$CvArr;)V+0
j  demo.main([Ljava/lang/String;)V+123
v  ~StubRoutines::call_stub

---------------  P R O C E S S  ---------------

Java Threads: ( => current thread )
  0x00882400 JavaThread "Service Thread" daemon [_thread_blocked, id=1840, stack(0x00d90000,0x00de0000)]
  0x00871c00 JavaThread "C1 CompilerThread0" daemon [_thread_blocked, id=2516, stack(0x00e90000,0x00ee0000)]
  0x00870800 JavaThread "Attach Listener" daemon [_thread_blocked, id=5284, stack(0x01160000,0x011b0000)]
  0x0086f800 JavaThread "Signal Dispatcher" daemon [_thread_blocked, id=5504, stack(0x01110000,0x01160000)]
  0x007ffc00 JavaThread "Finalizer" daemon [_thread_blocked, id=4392, stack(0x00ee0000,0x00f30000)]
  0x007fe400 JavaThread "Reference Handler" daemon [_thread_blocked, id=6136, stack(0x00f60000,0x00fb0000)]
=>0x0090cc00 JavaThread "main" [_thread_in_native, id=2088, stack(0x00d40000,0x00d90000)]

Other Threads:
  0x007fc800 VMThread [stack: 0x00de0000,0x00e30000] [id=6024]
  0x0088bc00 WatcherThread [stack: 0x03ed0000,0x03f20000] [id=4388]

VM state:not at safepoint (normal execution)

VM Mutex/Monitor currently owned by a thread: None

Heap
 def new generation   total 4928K, used 665K [0x23c30000, 0x24180000, 0x29180000)
  eden space 4416K,   3% used [0x23c30000, 0x23c5a010, 0x24080000)
  from space 512K,  97% used [0x24080000, 0x240fc698, 0x24100000)
  to   space 512K,   0% used [0x24100000, 0x24100000, 0x24180000)
 tenured generation   total 10944K, used 750K [0x29180000, 0x29c30000, 0x33c30000)
   the space 10944K,   6% used [0x29180000, 0x2923b9d0, 0x2923ba00, 0x29c30000)
 compacting perm gen  total 12288K, used 1122K [0x33c30000, 0x34830000, 0x37c30000)
   the space 12288K,   9% used [0x33c30000, 0x33d489b8, 0x33d48a00, 0x34830000)
    ro space 10240K,  41% used [0x37c30000, 0x38061a78, 0x38061c00, 0x38630000)
    rw space 12288K,  52% used [0x38630000, 0x38c762c0, 0x38c76400, 0x39230000)

Card table byte_map: [0x00c90000,0x00d40000] byte_map_base: 0x00b71e80

Polling page: 0x003a0000

Code Cache  [0x01e40000, 0x01f20000, 0x03e40000)
 total_blobs=338 nmethods=180 adapters=95 free_code_cache=31887Kb largest_free_block=32652928

Compilation events (10 events):
Event: 6.155 Thread 0x00871c00  176             java.net.URLStreamHandler::setURL (40 bytes)
Event: 6.155 Thread 0x00871c00 nmethod 176 0x01f1aa88 code [0x01f1aba0, 0x01f1acf8]
Event: 6.155 Thread 0x00871c00  177   !         java.net.URL::set (114 bytes)
Event: 6.155 Thread 0x00871c00 nmethod 177 0x01f1ae48 code [0x01f1af80, 0x01f1b3e0]
Event: 6.157 Thread 0x00871c00  178             java.io.File::isInvalid (47 bytes)
Event: 6.157 Thread 0x00871c00 nmethod 178 0x01f1b748 code [0x01f1b850, 0x01f1b94c]
Event: 6.158 Thread 0x00871c00  179             java.util.LinkedList$Node::<init> (20 bytes)
Event: 6.158 Thread 0x00871c00 nmethod 179 0x01f1ba08 code [0x01f1bb00, 0x01f1bbb0]
Event: 6.178 Thread 0x00871c00  180             java.lang.ref.Reference::get (5 bytes)
Event: 6.178 Thread 0x00871c00 nmethod 180 0x01f1bc08 code [0x01f1bd00, 0x01f1bd80]

GC Heap History (4 events):
Event: 3.516 GC heap before
{Heap before GC invocations=0 (full 0):
 def new generation   total 4928K, used 4416K [0x23c30000, 0x24180000, 0x29180000)
  eden space 4416K, 100% used [0x23c30000, 0x24080000, 0x24080000)
  from space 512K,   0% used [0x24080000, 0x24080000, 0x24100000)
  to   space 512K,   0% used [0x24100000, 0x24100000, 0x24180000)
 tenured generation   total 10944K, used 0K [0x29180000, 0x29c30000, 0x33c30000)
   the space 10944K,   0% used [0x29180000, 0x29180000, 0x29180200, 0x29c30000)
 compacting perm gen  total 12288K, used 761K [0x33c30000, 0x34830000, 0x37c30000)
   the space 12288K,   6% used [0x33c30000, 0x33cee730, 0x33cee800, 0x34830000)
    ro space 10240K,  41% used [0x37c30000, 0x38061a78, 0x38061c00, 0x38630000)
    rw space 12288K,  52% used [0x38630000, 0x38c762c0, 0x38c76400, 0x39230000)
Event: 3.521 GC heap after
Heap after GC invocations=1 (full 0):
 def new generation   total 4928K, used 512K [0x23c30000, 0x24180000, 0x29180000)
  eden space 4416K,   0% used [0x23c30000, 0x23c30000, 0x24080000)
  from space 512K, 100% used [0x24100000, 0x24180000, 0x24180000)
  to   space 512K,   0% used [0x24080000, 0x24080000, 0x24100000)
 tenured generation   total 10944K, used 344K [0x29180000, 0x29c30000, 0x33c30000)
   the space 10944K,   3% used [0x29180000, 0x291d6318, 0x291d6400, 0x29c30000)
 compacting perm gen  total 12288K, used 761K [0x33c30000, 0x34830000, 0x37c30000)
   the space 12288K,   6% used [0x33c30000, 0x33cee730, 0x33cee800, 0x34830000)
    ro space 10240K,  41% used [0x37c30000, 0x38061a78, 0x38061c00, 0x38630000)
    rw space 12288K,  52% used [0x38630000, 0x38c762c0, 0x38c76400, 0x39230000)
}
Event: 6.175 GC heap before
{Heap before GC invocations=1 (full 0):
 def new generation   total 4928K, used 4928K [0x23c30000, 0x24180000, 0x29180000)
  eden space 4416K, 100% used [0x23c30000, 0x24080000, 0x24080000)
  from space 512K, 100% used [0x24100000, 0x24180000, 0x24180000)
  to   space 512K,   0% used [0x24080000, 0x24080000, 0x24100000)
 tenured generation   total 10944K, used 344K [0x29180000, 0x29c30000, 0x33c30000)
   the space 10944K,   3% used [0x29180000, 0x291d6318, 0x291d6400, 0x29c30000)
 compacting perm gen  total 12288K, used 1113K [0x33c30000, 0x34830000, 0x37c30000)
   the space 12288K,   9% used [0x33c30000, 0x33d46728, 0x33d46800, 0x34830000)
    ro space 10240K,  41% used [0x37c30000, 0x38061a78, 0x38061c00, 0x38630000)
    rw space 12288K,  52% used [0x38630000, 0x38c762c0, 0x38c76400, 0x39230000)
Event: 6.177 GC heap after
Heap after GC invocations=2 (full 0):
 def new generation   total 4928K, used 497K [0x23c30000, 0x24180000, 0x29180000)
  eden space 4416K,   0% used [0x23c30000, 0x23c30000, 0x24080000)
  from space 512K,  97% used [0x24080000, 0x240fc698, 0x24100000)
  to   space 512K,   0% used [0x24100000, 0x24100000, 0x24180000)
 tenured generation   total 10944K, used 750K [0x29180000, 0x29c30000, 0x33c30000)
   the space 10944K,   6% used [0x29180000, 0x2923b9d0, 0x2923ba00, 0x29c30000)
 compacting perm gen  total 12288K, used 1113K [0x33c30000, 0x34830000, 0x37c30000)
   the space 12288K,   9% used [0x33c30000, 0x33d46728, 0x33d46800, 0x34830000)
    ro space 10240K,  41% used [0x37c30000, 0x38061a78, 0x38061c00, 0x38630000)
    rw space 12288K,  52% used [0x38630000, 0x38c762c0, 0x38c76400, 0x39230000)
}

Deoptimization events (0 events):
No events

Internal exceptions (10 events):
Event: 6.068 Thread 0x0090cc00 Threw 0x23f60248 at C:\re\jdk7u45\229\hotspot\src\share\vm\prims\jvm.cpp:1244
Event: 6.153 Thread 0x0090cc00 Threw 0x2400d070 at C:\re\jdk7u45\229\hotspot\src\share\vm\prims\jvm.cpp:1244
Event: 6.154 Thread 0x0090cc00 Threw 0x24010f90 at C:\re\jdk7u45\229\hotspot\src\share\vm\prims\jvm.cpp:1244
Event: 6.154 Thread 0x0090cc00 Threw 0x240200b0 at C:\re\jdk7u45\229\hotspot\src\share\vm\prims\jvm.cpp:1244
Event: 6.156 Thread 0x0090cc00 Threw 0x24036908 at C:\re\jdk7u45\229\hotspot\src\share\vm\prims\jvm.cpp:1244
Event: 6.157 Thread 0x0090cc00 Threw 0x2404d278 at C:\re\jdk7u45\229\hotspot\src\share\vm\prims\jvm.cpp:1244
Event: 6.159 Thread 0x0090cc00 Threw 0x24063f20 at C:\re\jdk7u45\229\hotspot\src\share\vm\prims\jvm.cpp:1244
Event: 6.175 Thread 0x0090cc00 Threw 0x2407abf0 at C:\re\jdk7u45\229\hotspot\src\share\vm\prims\jvm.cpp:1244
Event: 6.175 Thread 0x0090cc00 Threw 0x2407eb50 at C:\re\jdk7u45\229\hotspot\src\share\vm\prims\jvm.cpp:1244
Event: 6.187 Thread 0x0090cc00 Threw 0x23c49328 at C:\re\jdk7u45\229\hotspot\src\share\vm\prims\jvm.cpp:1244

Events (10 events):
Event: 6.179 Executing VM operation: RevokeBias
Event: 6.179 Executing VM operation: RevokeBias done
Event: 6.179 Executing VM operation: RevokeBias
Event: 6.179 Executing VM operation: RevokeBias done
Event: 6.179 Executing VM operation: RevokeBias
Event: 6.179 Executing VM operation: RevokeBias done
Event: 6.180 Executing VM operation: RevokeBias
Event: 6.180 Executing VM operation: RevokeBias done
Event: 6.187 loading class 0x00882200
Event: 6.187 loading class 0x00882200 done


Dynamic libraries:
0x01200000 - 0x0122f000 	C:\Program Files\Java\jre7\bin\javaw.exe
0x77920000 - 0x77a5c000 	C:\Windows\SYSTEM32\ntdll.dll
0x77150000 - 0x77224000 	C:\Windows\system32\kernel32.dll
0x75a40000 - 0x75a8b000 	C:\Windows\system32\KERNELBASE.dll
0x74fb0000 - 0x75021000 	C:\Windows\System32\SYSFER.DLL
0x77ab0000 - 0x77b50000 	C:\Windows\system32\ADVAPI32.dll
0x77650000 - 0x776fc000 	C:\Windows\system32\msvcrt.dll
0x769a0000 - 0x769b9000 	C:\Windows\SYSTEM32\sechost.dll
0x76ce0000 - 0x76d82000 	C:\Windows\system32\RPCRT4.dll
0x76b30000 - 0x76bf9000 	C:\Windows\system32\USER32.dll
0x778d0000 - 0x7791e000 	C:\Windows\system32\GDI32.dll
0x77aa0000 - 0x77aaa000 	C:\Windows\system32\LPK.dll
0x76e30000 - 0x76ecd000 	C:\Windows\system32\USP10.dll
0x74550000 - 0x746ee000 	C:\Windows\WinSxS\x86_microsoft.windows.common-controls_6595b64144ccf1df_6.0.7601.17514_none_41e6975e2bd6f2b2\COMCTL32.dll
0x76c80000 - 0x76cd7000 	C:\Windows\system32\SHLWAPI.dll
0x76e10000 - 0x76e2f000 	C:\Windows\system32\IMM32.DLL
0x75c80000 - 0x75d4c000 	C:\Windows\system32\MSCTF.dll
0x66390000 - 0x6644f000 	C:\Program Files\Java\jre7\bin\msvcr100.dll
0x684b0000 - 0x68830000 	C:\Program Files\Java\jre7\bin\client\jvm.dll
0x71f90000 - 0x71f97000 	C:\Windows\system32\WSOCK32.dll
0x769c0000 - 0x769f5000 	C:\Windows\system32\WS2_32.dll
0x77a90000 - 0x77a96000 	C:\Windows\system32\NSI.dll
0x73da0000 - 0x73dd2000 	C:\Windows\system32\WINMM.dll
0x77a80000 - 0x77a85000 	C:\Windows\system32\PSAPI.DLL
0x74500000 - 0x7450c000 	C:\Program Files\Java\jre7\bin\verify.dll
0x73a10000 - 0x73a30000 	C:\Program Files\Java\jre7\bin\java.dll
0x73a30000 - 0x73a43000 	C:\Program Files\Java\jre7\bin\zip.dll
0x68ed0000 - 0x68f8e000 	C:\Users\799943\AppData\Local\Temp\javacpp6326004917035\msvcr100.dll
0x6e430000 - 0x6e499000 	C:\Users\799943\AppData\Local\Temp\javacpp6326004917035\msvcp100.dll
0x70fc0000 - 0x71d59000 	C:\Users\799943\AppData\Local\Temp\javacpp6326004917035\opencv_ffmpeg246.dll
0x66180000 - 0x66384000 	C:\Users\799943\AppData\Local\Temp\javacpp6326004917035\opencv_core246.dll
0x657c0000 - 0x65a2a000 	C:\Users\799943\AppData\Local\Temp\javacpp6326004917035\opencv_imgproc246.dll
0x65f70000 - 0x6617a000 	C:\Users\799943\AppData\Local\Temp\javacpp6326004917035\opencv_highgui246.dll
0x77230000 - 0x7738c000 	C:\Windows\system32\ole32.dll
0x77390000 - 0x7741f000 	C:\Windows\system32\OLEAUT32.dll
0x6d230000 - 0x6d249000 	C:\Windows\system32\AVIFIL32.dll
0x73b60000 - 0x73b74000 	C:\Windows\system32\MSACM32.dll
0x6c3c0000 - 0x6c3e1000 	C:\Windows\system32\MSVFW32.dll
0x75d50000 - 0x7699a000 	C:\Windows\system32\SHELL32.dll
0x6c400000 - 0x6c413000 	C:\Windows\system32\AVICAP32.dll
0x74ce0000 - 0x74ce9000 	C:\Windows\system32\VERSION.dll
0x68e50000 - 0x68ecc000 	C:\Users\799943\AppData\Local\Temp\javacpp6326004917035\opencv_flann246.dll
0x65700000 - 0x657b6000 	C:\Users\799943\AppData\Local\Temp\javacpp6326004917035\opencv_features2d246.dll
0x6c340000 - 0x6c378000 	C:\Users\799943\AppData\Local\Temp\javacpp6326004917035\jniopencv_features2d.dll
0x65630000 - 0x656f6000 	C:\Users\799943\AppData\Local\Temp\javacpp6326004917035\opencv_calib3d246.dll
0x65580000 - 0x65626000 	C:\Users\799943\AppData\Local\Temp\javacpp6326004917035\opencv_objdetect246.dll
0x6ac40000 - 0x6ac75000 	C:\Users\799943\AppData\Local\Temp\javacpp6326004917035\opencv_photo246.dll
0x666b0000 - 0x66731000 	C:\Users\799943\AppData\Local\Temp\javacpp6326004917035\opencv_ml246.dll
0x68c80000 - 0x68ce0000 	C:\Users\799943\AppData\Local\Temp\javacpp6326004917035\opencv_video246.dll
0x641e0000 - 0x64313000 	C:\Users\799943\AppData\Local\Temp\javacpp6326004917035\opencv_legacy246.dll
0x65510000 - 0x6557e000 	C:\Users\799943\AppData\Local\Temp\javacpp6326004917035\opencv_gpu246.dll
0x654a0000 - 0x65508000 	C:\Users\799943\AppData\Local\Temp\javacpp6326004917035\opencv_nonfree246.dll
0x00fb0000 - 0x00fbe000 	C:\Users\799943\AppData\Local\Temp\javacpp6326004917035\jniopencv_nonfree.dll
0x64160000 - 0x641d5000 	C:\Users\799943\AppData\Local\Temp\javacpp6326004917035\jniopencv_core.dll
0x00fc0000 - 0x00fcf000 	C:\Users\799943\AppData\Local\Temp\javacpp6326004917035\jniopencv_highgui.dll
0x65c80000 - 0x65d6b000 	C:\Windows\system32\dbghelp.dll

VM Arguments:
jvm_args: -Djava.library.path=C:\OpenCV-2.4.8\opencv\build\x86;C:\OpenCV-2.4.8\opencv\build\x86 -Dfile.encoding=Cp1252 
java_command: demo
Launcher Type: SUN_STANDARD

Environment Variables:
JAVA_HOME=C:\Program Files\Java\jdk1.7.0_45
CLASSPATH=.;C:\Program Files\Java\jre6\lib\ext\QTJava.zip
PATH=C:/Program Files/Java/jre7/bin/client;C:/Program Files/Java/jre7/bin;C:/Program Files/Java/jre7/lib/i386;C:\Windows\system32;C:\Windows;C:\Windows\System32\Wbem;C:\Windows\System32\WindowsPowerShell\v1.0\;C:\Program Files\QuickTime\QTSystem\;C:\Program Files\Intel\WiFi\bin\;C:\Program Files\Common Files\Intel\WirelessCommon\;C:\Program Files\Common Files\Lenovo;C:\Program Files\Apache Software Foundation\apache-maven-3.1.1;C:\Program Files\Apache Software Foundation\apache-maven-3.1.1\bin;C:\Program Files\Java\jdk1.7.0_45\bin;C:\Program Files\Apache Software Foundation\apache-tomcat-7.0.47\bin;C:\MinGW\bin;C:\opencv\build\x86\vc10\bin;C:\opencv\build\common\tbb\ia32\vc10;C:\opencv\build\gpu\x86\bin;C:\opencv\build\common\tbb\ia32\vc10;C:\opencv\build\include\opencv;C:\opencv\build\include\opencv2\highgui;C:\opencv\build\x86\mingw\bin;C:\Eclipse Again\eclipse;
USERNAME=799943
OS=Windows_NT
PROCESSOR_IDENTIFIER=x86 Family 6 Model 58 Stepping 9, GenuineIntel



---------------  S Y S T E M  ---------------

OS: Windows 7 Build 7601 Service Pack 1

CPU:total 4 (2 cores per cpu, 2 threads per core) family 6 model 58 stepping 9, cmov, cx8, fxsr, mmx, sse, sse2, sse3, ssse3, sse4.1, sse4.2, popcnt, avx, aes, erms, ht, tsc, tscinvbit, tscinv

Memory: 4k page, physical 3368200k(1374732k free), swap 9662000k(7482668k free)

vm_info: Java HotSpot(TM) Client VM (24.45-b08) for windows-x86 JRE (1.7.0_45-b18), built on Oct  8 2013 06:02:43 by "java_re" with unknown MS VC++:1600

time: Thu Jan 09 08:44:47 2014
elapsed time: 6 seconds

