#
# A fatal error has been detected by the Java Runtime Environment:
#
#  EXCEPTION_UNCAUGHT_CXX_EXCEPTION (0xe06d7363) at pc=0x75a4812f, pid=4172, tid=2692
#
# JRE version: Java(TM) SE Runtime Environment (7.0_45-b18) (build 1.7.0_45-b18)
# Java VM: Java HotSpot(TM) Client VM (24.45-b08 mixed mode, sharing windows-x86 )
# Problematic frame:
# C  [KERNELBASE.dll+0x812f]
#
# Failed to write core dump. Minidumps are not enabled by default on client versions of Windows
#
# If you would like to submit a bug report, please visit:
#   http://bugreport.sun.com/bugreport/crash.jsp
# The crash happened outside the Java Virtual Machine in native code.
# See problematic frame for where to report the bug.
#

---------------  T H R E A D  ---------------

Current thread (0x00abcc00):  JavaThread "main" [_thread_in_native, id=2692, stack(0x00a60000,0x00ab0000)]

siginfo: ExceptionCode=0xe06d7363, ExceptionInformation=0x19930520 0x00a9f78c 0x66354a88 

Registers:
EAX=0x00a9f6e8, EBX=0x000002ba, ECX=0x00000003, EDX=0x00000000
ESP=0x00a9f6e8, EBP=0x00a9f738, ESI=0x00aaf870, EDI=0x68ee3a30
EIP=0x75a4812f, EFLAGS=0x00000216

Top of Stack: (sp=0x00a9f6e8)
0x00a9f6e8:   e06d7363 00000001 00000000 75a4812f
0x00a9f6f8:   00000003 19930520 00a9f78c 66354a88
0x00a9f708:   00000000 00b81378 00a9f7f0 00a9f6fc
0x00a9f718:   00a9f7f0 0000002f 00a9f740 661840fe
0x00a9f728:   00b81378 00b813b0 0000002f 00aaf870
0x00a9f738:   00a9f770 68ef872d e06d7363 00000001
0x00a9f748:   00000003 00a9f764 e06d7363 00000001
0x00a9f758:   00000000 00000000 00000003 19930520 

Instructions: (pc=0x75a4812f)
0x75a4810f:   89 45 c0 c1 e0 02 50 ff 75 14 8d 45 c4 50 e8 18
0x75a4811f:   e7 ff ff 83 c4 0c 8d 45 b0 50 ff 15 5c 11 a4 75
0x75a4812f:   c9 c2 10 00 89 45 c0 eb ed 3d 01 01 00 00 0f 85
0x75a4813f:   6d 96 ff ff e9 49 96 ff ff 8d 4d b8 ff 15 4c 10 


Register to memory mapping:

EAX=0x00a9f6e8 is pointing into the stack for thread: 0x00abcc00
EBX=0x000002ba is an unknown value
ECX=0x00000003 is an unknown value
EDX=0x00000000 is an unknown value
ESP=0x00a9f6e8 is pointing into the stack for thread: 0x00abcc00
EBP=0x00a9f738 is pointing into the stack for thread: 0x00abcc00
ESI=0x00aaf870 is pointing into the stack for thread: 0x00abcc00
EDI=0x68ee3a30 is an unknown value


Stack: [0x00a60000,0x00ab0000],  sp=0x00a9f6e8,  free space=253k
Native frames: (J=compiled Java code, j=interpreted, Vv=VM code, C=native code)
C  [KERNELBASE.dll+0x812f]
C  [msvcr100.dll+0x2872d]

Java frames: (J=compiled Java code, j=interpreted, Vv=VM code)
j  com.googlecode.javacv.cpp.opencv_features2d$DescriptorExtractor.compute(Lcom/googlecode/javacv/cpp/opencv_core$CvArr;Lcom/googlecode/javacv/cpp/opencv_features2d$KeyPoint;Lcom/googlecode/javacv/cpp/opencv_core$CvMat;)V+0
j  demo.main([Ljava/lang/String;)V+189
v  ~StubRoutines::call_stub

---------------  P R O C E S S  ---------------

Java Threads: ( => current thread )
  0x00b76c00 JavaThread "Service Thread" daemon [_thread_blocked, id=4204, stack(0x01180000,0x011d0000)]
  0x00b71c00 JavaThread "C1 CompilerThread0" daemon [_thread_blocked, id=3364, stack(0x010a0000,0x010f0000)]
  0x00b70800 JavaThread "Attach Listener" daemon [_thread_blocked, id=1772, stack(0x01050000,0x010a0000)]
  0x00b6f800 JavaThread "Signal Dispatcher" daemon [_thread_blocked, id=5300, stack(0x00d60000,0x00db0000)]
  0x00affc00 JavaThread "Finalizer" daemon [_thread_blocked, id=388, stack(0x00ea0000,0x00ef0000)]
  0x00afe400 JavaThread "Reference Handler" daemon [_thread_blocked, id=5792, stack(0x00f50000,0x00fa0000)]
=>0x00abcc00 JavaThread "main" [_thread_in_native, id=2692, stack(0x00a60000,0x00ab0000)]

Other Threads:
  0x00afc800 VMThread [stack: 0x00e00000,0x00e50000] [id=5624]
  0x00b88c00 WatcherThread [stack: 0x03ee0000,0x03f30000] [id=2716]

VM state:not at safepoint (normal execution)

VM Mutex/Monitor currently owned by a thread: None

Heap
 def new generation   total 4928K, used 665K [0x23c30000, 0x24180000, 0x29180000)
  eden space 4416K,   3% used [0x23c30000, 0x23c5a010, 0x24080000)
  from space 512K,  97% used [0x24080000, 0x240fc698, 0x24100000)
  to   space 512K,   0% used [0x24100000, 0x24100000, 0x24180000)
 tenured generation   total 10944K, used 750K [0x29180000, 0x29c30000, 0x33c30000)
   the space 10944K,   6% used [0x29180000, 0x2923b9a0, 0x2923ba00, 0x29c30000)
 compacting perm gen  total 12288K, used 1116K [0x33c30000, 0x34830000, 0x37c30000)
   the space 12288K,   9% used [0x33c30000, 0x33d473c8, 0x33d47400, 0x34830000)
    ro space 10240K,  41% used [0x37c30000, 0x38061a78, 0x38061c00, 0x38630000)
    rw space 12288K,  52% used [0x38630000, 0x38c762c0, 0x38c76400, 0x39230000)

Card table byte_map: [0x00cb0000,0x00d60000] byte_map_base: 0x00b91e80

Polling page: 0x001a0000

Code Cache  [0x01e40000, 0x01f20000, 0x03e40000)
 total_blobs=337 nmethods=179 adapters=95 free_code_cache=31888Kb largest_free_block=32653568

Compilation events (10 events):
Event: 5.889 Thread 0x00b71c00  175             java.net.URLStreamHandler::setURL (40 bytes)
Event: 5.890 Thread 0x00b71c00 nmethod 175 0x01f1a808 code [0x01f1a920, 0x01f1aa78]
Event: 5.890 Thread 0x00b71c00  176   !         java.net.URL::set (114 bytes)
Event: 5.891 Thread 0x00b71c00 nmethod 176 0x01f1abc8 code [0x01f1ad00, 0x01f1b160]
Event: 5.894 Thread 0x00b71c00  177             java.io.File::isInvalid (47 bytes)
Event: 5.895 Thread 0x00b71c00 nmethod 177 0x01f1b4c8 code [0x01f1b5d0, 0x01f1b6cc]
Event: 5.897 Thread 0x00b71c00  178             java.util.LinkedList$Node::<init> (20 bytes)
Event: 5.897 Thread 0x00b71c00 nmethod 178 0x01f1b788 code [0x01f1b880, 0x01f1b930]
Event: 5.949 Thread 0x00b71c00  179             java.util.HashMap$Entry::getValue (5 bytes)
Event: 5.949 Thread 0x00b71c00 nmethod 179 0x01f1bd48 code [0x01f1be40, 0x01f1bec0]

GC Heap History (4 events):
Event: 3.567 GC heap before
{Heap before GC invocations=0 (full 0):
 def new generation   total 4928K, used 4416K [0x23c30000, 0x24180000, 0x29180000)
  eden space 4416K, 100% used [0x23c30000, 0x24080000, 0x24080000)
  from space 512K,   0% used [0x24080000, 0x24080000, 0x24100000)
  to   space 512K,   0% used [0x24100000, 0x24100000, 0x24180000)
 tenured generation   total 10944K, used 0K [0x29180000, 0x29c30000, 0x33c30000)
   the space 10944K,   0% used [0x29180000, 0x29180000, 0x29180200, 0x29c30000)
 compacting perm gen  total 12288K, used 761K [0x33c30000, 0x34830000, 0x37c30000)
   the space 12288K,   6% used [0x33c30000, 0x33cee6e8, 0x33cee800, 0x34830000)
    ro space 10240K,  41% used [0x37c30000, 0x38061a78, 0x38061c00, 0x38630000)
    rw space 12288K,  52% used [0x38630000, 0x38c762c0, 0x38c76400, 0x39230000)
Event: 3.570 GC heap after
Heap after GC invocations=1 (full 0):
 def new generation   total 4928K, used 512K [0x23c30000, 0x24180000, 0x29180000)
  eden space 4416K,   0% used [0x23c30000, 0x23c30000, 0x24080000)
  from space 512K, 100% used [0x24100000, 0x24180000, 0x24180000)
  to   space 512K,   0% used [0x24080000, 0x24080000, 0x24100000)
 tenured generation   total 10944K, used 344K [0x29180000, 0x29c30000, 0x33c30000)
   the space 10944K,   3% used [0x29180000, 0x291d62e8, 0x291d6400, 0x29c30000)
 compacting perm gen  total 12288K, used 761K [0x33c30000, 0x34830000, 0x37c30000)
   the space 12288K,   6% used [0x33c30000, 0x33cee6e8, 0x33cee800, 0x34830000)
    ro space 10240K,  41% used [0x37c30000, 0x38061a78, 0x38061c00, 0x38630000)
    rw space 12288K,  52% used [0x38630000, 0x38c762c0, 0x38c76400, 0x39230000)
}
Event: 5.931 GC heap before
{Heap before GC invocations=1 (full 0):
 def new generation   total 4928K, used 4928K [0x23c30000, 0x24180000, 0x29180000)
  eden space 4416K, 100% used [0x23c30000, 0x24080000, 0x24080000)
  from space 512K, 100% used [0x24100000, 0x24180000, 0x24180000)
  to   space 512K,   0% used [0x24080000, 0x24080000, 0x24100000)
 tenured generation   total 10944K, used 344K [0x29180000, 0x29c30000, 0x33c30000)
   the space 10944K,   3% used [0x29180000, 0x291d62e8, 0x291d6400, 0x29c30000)
 compacting perm gen  total 12288K, used 1113K [0x33c30000, 0x34830000, 0x37c30000)
   the space 12288K,   9% used [0x33c30000, 0x33d466f0, 0x33d46800, 0x34830000)
    ro space 10240K,  41% used [0x37c30000, 0x38061a78, 0x38061c00, 0x38630000)
    rw space 12288K,  52% used [0x38630000, 0x38c762c0, 0x38c76400, 0x39230000)
Event: 5.935 GC heap after
Heap after GC invocations=2 (full 0):
 def new generation   total 4928K, used 497K [0x23c30000, 0x24180000, 0x29180000)
  eden space 4416K,   0% used [0x23c30000, 0x23c30000, 0x24080000)
  from space 512K,  97% used [0x24080000, 0x240fc698, 0x24100000)
  to   space 512K,   0% used [0x24100000, 0x24100000, 0x24180000)
 tenured generation   total 10944K, used 750K [0x29180000, 0x29c30000, 0x33c30000)
   the space 10944K,   6% used [0x29180000, 0x2923b9a0, 0x2923ba00, 0x29c30000)
 compacting perm gen  total 12288K, used 1113K [0x33c30000, 0x34830000, 0x37c30000)
   the space 12288K,   9% used [0x33c30000, 0x33d466f0, 0x33d46800, 0x34830000)
    ro space 10240K,  41% used [0x37c30000, 0x38061a78, 0x38061c00, 0x38630000)
    rw space 12288K,  52% used [0x38630000, 0x38c762c0, 0x38c76400, 0x39230000)
}

Deoptimization events (0 events):
No events

Internal exceptions (10 events):
Event: 5.800 Thread 0x00abcc00 Threw 0x23f5bfd0 at C:\re\jdk7u45\229\hotspot\src\share\vm\prims\jvm.cpp:1244
Event: 5.801 Thread 0x00abcc00 Threw 0x23f60250 at C:\re\jdk7u45\229\hotspot\src\share\vm\prims\jvm.cpp:1244
Event: 5.885 Thread 0x00abcc00 Threw 0x2400d078 at C:\re\jdk7u45\229\hotspot\src\share\vm\prims\jvm.cpp:1244
Event: 5.886 Thread 0x00abcc00 Threw 0x24010f98 at C:\re\jdk7u45\229\hotspot\src\share\vm\prims\jvm.cpp:1244
Event: 5.887 Thread 0x00abcc00 Threw 0x240200b8 at C:\re\jdk7u45\229\hotspot\src\share\vm\prims\jvm.cpp:1244
Event: 5.891 Thread 0x00abcc00 Threw 0x24036910 at C:\re\jdk7u45\229\hotspot\src\share\vm\prims\jvm.cpp:1244
Event: 5.896 Thread 0x00abcc00 Threw 0x2404d280 at C:\re\jdk7u45\229\hotspot\src\share\vm\prims\jvm.cpp:1244
Event: 5.900 Thread 0x00abcc00 Threw 0x24063f28 at C:\re\jdk7u45\229\hotspot\src\share\vm\prims\jvm.cpp:1244
Event: 5.929 Thread 0x00abcc00 Threw 0x2407abf8 at C:\re\jdk7u45\229\hotspot\src\share\vm\prims\jvm.cpp:1244
Event: 5.930 Thread 0x00abcc00 Threw 0x2407eb58 at C:\re\jdk7u45\229\hotspot\src\share\vm\prims\jvm.cpp:1244

Events (10 events):
Event: 5.937 Executing VM operation: RevokeBias
Event: 5.937 Executing VM operation: RevokeBias done
Event: 5.937 Executing VM operation: RevokeBias
Event: 5.937 Executing VM operation: RevokeBias done
Event: 5.937 Executing VM operation: RevokeBias
Event: 5.938 Executing VM operation: RevokeBias done
Event: 5.938 Executing VM operation: RevokeBias
Event: 5.938 Executing VM operation: RevokeBias done
Event: 5.938 Executing VM operation: RevokeBias
Event: 5.938 Executing VM operation: RevokeBias done


Dynamic libraries:
0x01200000 - 0x0122f000 	C:\Program Files\Java\jre7\bin\javaw.exe
0x77920000 - 0x77a5c000 	C:\Windows\SYSTEM32\ntdll.dll
0x77150000 - 0x77224000 	C:\Windows\system32\kernel32.dll
0x75a40000 - 0x75a8b000 	C:\Windows\system32\KERNELBASE.dll
0x74fb0000 - 0x75021000 	C:\Windows\System32\SYSFER.DLL
0x77ab0000 - 0x77b50000 	C:\Windows\system32\ADVAPI32.dll
0x77650000 - 0x776fc000 	C:\Windows\system32\msvcrt.dll
0x769a0000 - 0x769b9000 	C:\Windows\SYSTEM32\sechost.dll
0x76ce0000 - 0x76d82000 	C:\Windows\system32\RPCRT4.dll
0x76b30000 - 0x76bf9000 	C:\Windows\system32\USER32.dll
0x778d0000 - 0x7791e000 	C:\Windows\system32\GDI32.dll
0x77aa0000 - 0x77aaa000 	C:\Windows\system32\LPK.dll
0x76e30000 - 0x76ecd000 	C:\Windows\system32\USP10.dll
0x74550000 - 0x746ee000 	C:\Windows\WinSxS\x86_microsoft.windows.common-controls_6595b64144ccf1df_6.0.7601.17514_none_41e6975e2bd6f2b2\COMCTL32.dll
0x76c80000 - 0x76cd7000 	C:\Windows\system32\SHLWAPI.dll
0x76e10000 - 0x76e2f000 	C:\Windows\system32\IMM32.DLL
0x75c80000 - 0x75d4c000 	C:\Windows\system32\MSCTF.dll
0x68ed0000 - 0x68f8f000 	C:\Program Files\Java\jre7\bin\msvcr100.dll
0x684b0000 - 0x68830000 	C:\Program Files\Java\jre7\bin\client\jvm.dll
0x71f90000 - 0x71f97000 	C:\Windows\system32\WSOCK32.dll
0x769c0000 - 0x769f5000 	C:\Windows\system32\WS2_32.dll
0x77a90000 - 0x77a96000 	C:\Windows\system32\NSI.dll
0x73da0000 - 0x73dd2000 	C:\Windows\system32\WINMM.dll
0x77a80000 - 0x77a85000 	C:\Windows\system32\PSAPI.DLL
0x74500000 - 0x7450c000 	C:\Program Files\Java\jre7\bin\verify.dll
0x73a10000 - 0x73a30000 	C:\Program Files\Java\jre7\bin\java.dll
0x73a30000 - 0x73a43000 	C:\Program Files\Java\jre7\bin\zip.dll
0x66390000 - 0x6644e000 	C:\Users\799943\AppData\Local\Temp\javacpp6356267876406\msvcr100.dll
0x6e430000 - 0x6e499000 	C:\Users\799943\AppData\Local\Temp\javacpp6356267876406\msvcp100.dll
0x70fc0000 - 0x71d59000 	C:\Users\799943\AppData\Local\Temp\javacpp6356267876406\opencv_ffmpeg246.dll
0x66180000 - 0x66384000 	C:\Users\799943\AppData\Local\Temp\javacpp6356267876406\opencv_core246.dll
0x657c0000 - 0x65a2a000 	C:\Users\799943\AppData\Local\Temp\javacpp6356267876406\opencv_imgproc246.dll
0x65f70000 - 0x6617a000 	C:\Users\799943\AppData\Local\Temp\javacpp6356267876406\opencv_highgui246.dll
0x77230000 - 0x7738c000 	C:\Windows\system32\ole32.dll
0x77390000 - 0x7741f000 	C:\Windows\system32\OLEAUT32.dll
0x6c7d0000 - 0x6c7e9000 	C:\Windows\system32\AVIFIL32.dll
0x73b60000 - 0x73b74000 	C:\Windows\system32\MSACM32.dll
0x6d220000 - 0x6d241000 	C:\Windows\system32\MSVFW32.dll
0x75d50000 - 0x7699a000 	C:\Windows\system32\SHELL32.dll
0x6c3e0000 - 0x6c3f3000 	C:\Windows\system32\AVICAP32.dll
0x74ce0000 - 0x74ce9000 	C:\Windows\system32\VERSION.dll
0x68e50000 - 0x68ecc000 	C:\Users\799943\AppData\Local\Temp\javacpp6356267876406\opencv_flann246.dll
0x65700000 - 0x657b6000 	C:\Users\799943\AppData\Local\Temp\javacpp6356267876406\opencv_features2d246.dll
0x6c340000 - 0x6c378000 	C:\Users\799943\AppData\Local\Temp\javacpp6356267876406\jniopencv_features2d.dll
0x65630000 - 0x656f6000 	C:\Users\799943\AppData\Local\Temp\javacpp6356267876406\opencv_calib3d246.dll
0x65580000 - 0x65626000 	C:\Users\799943\AppData\Local\Temp\javacpp6356267876406\opencv_objdetect246.dll
0x6ac40000 - 0x6ac75000 	C:\Users\799943\AppData\Local\Temp\javacpp6356267876406\opencv_photo246.dll
0x666b0000 - 0x66731000 	C:\Users\799943\AppData\Local\Temp\javacpp6356267876406\opencv_ml246.dll
0x68c80000 - 0x68ce0000 	C:\Users\799943\AppData\Local\Temp\javacpp6356267876406\opencv_video246.dll
0x641e0000 - 0x64313000 	C:\Users\799943\AppData\Local\Temp\javacpp6356267876406\opencv_legacy246.dll
0x65510000 - 0x6557e000 	C:\Users\799943\AppData\Local\Temp\javacpp6356267876406\opencv_gpu246.dll
0x654a0000 - 0x65508000 	C:\Users\799943\AppData\Local\Temp\javacpp6356267876406\opencv_nonfree246.dll
0x00f10000 - 0x00f1e000 	C:\Users\799943\AppData\Local\Temp\javacpp6356267876406\jniopencv_nonfree.dll
0x64160000 - 0x641d5000 	C:\Users\799943\AppData\Local\Temp\javacpp6356267876406\jniopencv_core.dll
0x00f20000 - 0x00f2f000 	C:\Users\799943\AppData\Local\Temp\javacpp6356267876406\jniopencv_highgui.dll
0x65c80000 - 0x65d6b000 	C:\Windows\system32\dbghelp.dll

VM Arguments:
jvm_args: -Djava.library.path=C:\OpenCV-2.4.8\opencv\build\x86;C:\OpenCV-2.4.8\opencv\build\x86 -Dfile.encoding=Cp1252 
java_command: demo
Launcher Type: SUN_STANDARD

Environment Variables:
JAVA_HOME=C:\Program Files\Java\jdk1.7.0_45
CLASSPATH=.;C:\Program Files\Java\jre6\lib\ext\QTJava.zip
PATH=C:/Program Files/Java/jre7/bin/client;C:/Program Files/Java/jre7/bin;C:/Program Files/Java/jre7/lib/i386;C:\Windows\system32;C:\Windows;C:\Windows\System32\Wbem;C:\Windows\System32\WindowsPowerShell\v1.0\;C:\Program Files\QuickTime\QTSystem\;C:\Program Files\Intel\WiFi\bin\;C:\Program Files\Common Files\Intel\WirelessCommon\;C:\Program Files\Common Files\Lenovo;C:\Program Files\Apache Software Foundation\apache-maven-3.1.1;C:\Program Files\Apache Software Foundation\apache-maven-3.1.1\bin;C:\Program Files\Java\jdk1.7.0_45\bin;C:\Program Files\Apache Software Foundation\apache-tomcat-7.0.47\bin;C:\MinGW\bin;C:\opencv\build\x86\vc10\bin;C:\opencv\build\common\tbb\ia32\vc10;C:\opencv\build\gpu\x86\bin;C:\opencv\build\common\tbb\ia32\vc10;C:\opencv\build\include\opencv;C:\opencv\build\include\opencv2\highgui;C:\opencv\build\x86\mingw\bin;C:\Eclipse Again\eclipse;
USERNAME=799943
OS=Windows_NT
PROCESSOR_IDENTIFIER=x86 Family 6 Model 58 Stepping 9, GenuineIntel



---------------  S Y S T E M  ---------------

OS: Windows 7 Build 7601 Service Pack 1

CPU:total 4 (2 cores per cpu, 2 threads per core) family 6 model 58 stepping 9, cmov, cx8, fxsr, mmx, sse, sse2, sse3, ssse3, sse4.1, sse4.2, popcnt, avx, aes, erms, ht, tsc, tscinvbit, tscinv

Memory: 4k page, physical 3368200k(1371860k free), swap 9662000k(7480020k free)

vm_info: Java HotSpot(TM) Client VM (24.45-b08) for windows-x86 JRE (1.7.0_45-b18), built on Oct  8 2013 06:02:43 by "java_re" with unknown MS VC++:1600

time: Thu Jan 09 08:45:17 2014
elapsed time: 5 seconds

