#
# A fatal error has been detected by the Java Runtime Environment:
#
#  EXCEPTION_ACCESS_VIOLATION (0xc0000005) at pc=0x663dd77d, pid=3880, tid=2072
#
# JRE version: Java(TM) SE Runtime Environment (7.0_45-b18) (build 1.7.0_45-b18)
# Java VM: Java HotSpot(TM) Client VM (24.45-b08 mixed mode, sharing windows-x86 )
# Problematic frame:
# C  [msvcr100.dll+0x4d77d]
#
# Failed to write core dump. Minidumps are not enabled by default on client versions of Windows
#
# If you would like to submit a bug report, please visit:
#   http://bugreport.sun.com/bugreport/crash.jsp
# The crash happened outside the Java Virtual Machine in native code.
# See problematic frame for where to report the bug.
#

---------------  T H R E A D  ---------------

Current thread (0x0135cc00):  JavaThread "main" [_thread_in_native, id=2072, stack(0x01730000,0x01780000)]

siginfo: ExceptionCode=0xc0000005, reading address 0x00000008

Registers:
EAX=0x00000000, EBX=0x00000000, ECX=0x0189d448, EDX=0x00000000
ESP=0x0177a434, EBP=0x0177a45c, ESI=0x0189d448, EDI=0x00000001
EIP=0x663dd77d, EFLAGS=0x00010282

Top of Stack: (sp=0x0177a434)
0x0177a434:   0177a44c d242e36b 00000001 018a2448
0x0177a444:   00000000 00000000 00000004 0177a4ac
0x0177a454:   66440020 ffffffff 0177a474 663dc515
0x0177a464:   03f37b18 00000000 664455e4 00000001
0x0177a474:   0177a4b8 663e0213 0189d448 00010000
0x0177a484:   d242e3bf 00000004 00000000 663e0064
0x0177a494:   663e0071 d242e38f 00000004 0177a4d8
0x0177a4a4:   00000000 664455dc 0177a4dc 6643fb6c 

Instructions: (pc=0x663dd77d)
0x663dd75d:   00 00 00 3b 46 08 72 ea c9 c3 6a 08 b8 20 00 44
0x663dd76d:   66 e8 27 df fc ff 8b f1 8b 06 8d 4d f0 51 8b ce
0x663dd77d:   ff 50 08 83 65 fc 00 6a 00 8d 4d f0 e8 63 49 00
0x663dd78d:   00 83 e8 00 74 3f 48 74 0c ff 75 f0 e8 d6 29 fc 


Register to memory mapping:

EAX=0x00000000 is an unknown value
EBX=0x00000000 is an unknown value
ECX=0x0189d448 is an unknown value
EDX=0x00000000 is an unknown value
ESP=0x0177a434 is pointing into the stack for thread: 0x0135cc00
EBP=0x0177a45c is pointing into the stack for thread: 0x0135cc00
ESI=0x0189d448 is an unknown value
EDI=0x00000001 is an unknown value


Stack: [0x01730000,0x01780000],  sp=0x0177a434,  free space=297k
Native frames: (J=compiled Java code, j=interpreted, Vv=VM code, C=native code)
C  [msvcr100.dll+0x4d77d]
C  [msvcr100.dll+0x4c515]
C  [msvcr100.dll+0x50213]
C  [msvcr100.dll+0x50414]
C  [msvcr100.dll+0x50342]
C  [opencv_core246.dll+0x128f1e]
C  [opencv_imgproc246.dll+0x27d6f]
C  [opencv_imgproc246.dll+0x336ce]
C  [opencv_features2d246.dll+0x677ca]
C  [opencv_features2d246.dll+0x640df]
C  [opencv_features2d246.dll+0x2eddd]
C  [jniopencv_features2d.dll+0x15dec]

Java frames: (J=compiled Java code, j=interpreted, Vv=VM code)
j  com.googlecode.javacv.cpp.opencv_features2d$FeatureDetector.detect(Lcom/googlecode/javacv/cpp/opencv_core$CvArr;Lcom/googlecode/javacv/cpp/opencv_features2d$KeyPoint;Lcom/googlecode/javacv/cpp/opencv_core$CvArr;)V+0
j  demo.main([Ljava/lang/String;)V+123
v  ~StubRoutines::call_stub

---------------  P R O C E S S  ---------------

Java Threads: ( => current thread )
  0x01877000 JavaThread "Service Thread" daemon [_thread_blocked, id=4836, stack(0x03b90000,0x03be0000)]
  0x01872000 JavaThread "C1 CompilerThread0" daemon [_thread_blocked, id=2756, stack(0x03d00000,0x03d50000)]
  0x01870c00 JavaThread "Attach Listener" daemon [_thread_blocked, id=1372, stack(0x039d0000,0x03a20000)]
  0x0186e000 JavaThread "Signal Dispatcher" daemon [_thread_blocked, id=5488, stack(0x03b30000,0x03b80000)]
  0x01803400 JavaThread "Finalizer" daemon [_thread_blocked, id=1952, stack(0x03c60000,0x03cb0000)]
  0x017fe400 JavaThread "Reference Handler" daemon [_thread_blocked, id=5148, stack(0x03c00000,0x03c50000)]
=>0x0135cc00 JavaThread "main" [_thread_in_native, id=2072, stack(0x01730000,0x01780000)]

Other Threads:
  0x017fc800 VMThread [stack: 0x03a40000,0x03a90000] [id=2648]
  0x01889000 WatcherThread [stack: 0x03db0000,0x03e00000] [id=1828]

VM state:not at safepoint (normal execution)

VM Mutex/Monitor currently owned by a thread: None

Heap
 def new generation   total 4928K, used 665K [0x23c30000, 0x24180000, 0x29180000)
  eden space 4416K,   3% used [0x23c30000, 0x23c5a010, 0x24080000)
  from space 512K,  97% used [0x24080000, 0x240fc698, 0x24100000)
  to   space 512K,   0% used [0x24100000, 0x24100000, 0x24180000)
 tenured generation   total 10944K, used 750K [0x29180000, 0x29c30000, 0x33c30000)
   the space 10944K,   6% used [0x29180000, 0x2923ba40, 0x2923bc00, 0x29c30000)
 compacting perm gen  total 12288K, used 1122K [0x33c30000, 0x34830000, 0x37c30000)
   the space 12288K,   9% used [0x33c30000, 0x33d489b8, 0x33d48a00, 0x34830000)
    ro space 10240K,  41% used [0x37c30000, 0x38061a78, 0x38061c00, 0x38630000)
    rw space 12288K,  52% used [0x38630000, 0x38c762c0, 0x38c76400, 0x39230000)

Card table byte_map: [0x038c0000,0x03970000] byte_map_base: 0x037a1e80

Polling page: 0x002e0000

Code Cache  [0x018c0000, 0x019a0000, 0x038c0000)
 total_blobs=336 nmethods=178 adapters=95 free_code_cache=31888Kb largest_free_block=32654016

Compilation events (10 events):
Event: 5.773 Thread 0x01872000  174             java.net.URL::<init> (8 bytes)
Event: 5.774 Thread 0x01872000 nmethod 174 0x0199a608 code [0x0199a700, 0x0199a79c]
Event: 5.774 Thread 0x01872000  175             java.net.URLStreamHandler::setURL (40 bytes)
Event: 5.774 Thread 0x01872000 nmethod 175 0x0199a808 code [0x0199a920, 0x0199aa78]
Event: 5.774 Thread 0x01872000  176   !         java.net.URL::set (114 bytes)
Event: 5.775 Thread 0x01872000 nmethod 176 0x0199abc8 code [0x0199ad00, 0x0199b160]
Event: 5.779 Thread 0x01872000  177             java.io.File::isInvalid (47 bytes)
Event: 5.779 Thread 0x01872000 nmethod 177 0x0199b4c8 code [0x0199b5d0, 0x0199b6cc]
Event: 5.781 Thread 0x01872000  178             java.util.LinkedList$Node::<init> (20 bytes)
Event: 5.781 Thread 0x01872000 nmethod 178 0x0199b788 code [0x0199b880, 0x0199b930]

GC Heap History (4 events):
Event: 3.359 GC heap before
{Heap before GC invocations=0 (full 0):
 def new generation   total 4928K, used 4416K [0x23c30000, 0x24180000, 0x29180000)
  eden space 4416K, 100% used [0x23c30000, 0x24080000, 0x24080000)
  from space 512K,   0% used [0x24080000, 0x24080000, 0x24100000)
  to   space 512K,   0% used [0x24100000, 0x24100000, 0x24180000)
 tenured generation   total 10944K, used 0K [0x29180000, 0x29c30000, 0x33c30000)
   the space 10944K,   0% used [0x29180000, 0x29180000, 0x29180200, 0x29c30000)
 compacting perm gen  total 12288K, used 761K [0x33c30000, 0x34830000, 0x37c30000)
   the space 12288K,   6% used [0x33c30000, 0x33cee730, 0x33cee800, 0x34830000)
    ro space 10240K,  41% used [0x37c30000, 0x38061a78, 0x38061c00, 0x38630000)
    rw space 12288K,  52% used [0x38630000, 0x38c762c0, 0x38c76400, 0x39230000)
Event: 3.363 GC heap after
Heap after GC invocations=1 (full 0):
 def new generation   total 4928K, used 512K [0x23c30000, 0x24180000, 0x29180000)
  eden space 4416K,   0% used [0x23c30000, 0x23c30000, 0x24080000)
  from space 512K, 100% used [0x24100000, 0x24180000, 0x24180000)
  to   space 512K,   0% used [0x24080000, 0x24080000, 0x24100000)
 tenured generation   total 10944K, used 344K [0x29180000, 0x29c30000, 0x33c30000)
   the space 10944K,   3% used [0x29180000, 0x291d6388, 0x291d6400, 0x29c30000)
 compacting perm gen  total 12288K, used 761K [0x33c30000, 0x34830000, 0x37c30000)
   the space 12288K,   6% used [0x33c30000, 0x33cee730, 0x33cee800, 0x34830000)
    ro space 10240K,  41% used [0x37c30000, 0x38061a78, 0x38061c00, 0x38630000)
    rw space 12288K,  52% used [0x38630000, 0x38c762c0, 0x38c76400, 0x39230000)
}
Event: 5.820 GC heap before
{Heap before GC invocations=1 (full 0):
 def new generation   total 4928K, used 4928K [0x23c30000, 0x24180000, 0x29180000)
  eden space 4416K, 100% used [0x23c30000, 0x24080000, 0x24080000)
  from space 512K, 100% used [0x24100000, 0x24180000, 0x24180000)
  to   space 512K,   0% used [0x24080000, 0x24080000, 0x24100000)
 tenured generation   total 10944K, used 344K [0x29180000, 0x29c30000, 0x33c30000)
   the space 10944K,   3% used [0x29180000, 0x291d6388, 0x291d6400, 0x29c30000)
 compacting perm gen  total 12288K, used 1113K [0x33c30000, 0x34830000, 0x37c30000)
   the space 12288K,   9% used [0x33c30000, 0x33d46728, 0x33d46800, 0x34830000)
    ro space 10240K,  41% used [0x37c30000, 0x38061a78, 0x38061c00, 0x38630000)
    rw space 12288K,  52% used [0x38630000, 0x38c762c0, 0x38c76400, 0x39230000)
Event: 5.825 GC heap after
Heap after GC invocations=2 (full 0):
 def new generation   total 4928K, used 497K [0x23c30000, 0x24180000, 0x29180000)
  eden space 4416K,   0% used [0x23c30000, 0x23c30000, 0x24080000)
  from space 512K,  97% used [0x24080000, 0x240fc698, 0x24100000)
  to   space 512K,   0% used [0x24100000, 0x24100000, 0x24180000)
 tenured generation   total 10944K, used 750K [0x29180000, 0x29c30000, 0x33c30000)
   the space 10944K,   6% used [0x29180000, 0x2923ba40, 0x2923bc00, 0x29c30000)
 compacting perm gen  total 12288K, used 1113K [0x33c30000, 0x34830000, 0x37c30000)
   the space 12288K,   9% used [0x33c30000, 0x33d46728, 0x33d46800, 0x34830000)
    ro space 10240K,  41% used [0x37c30000, 0x38061a78, 0x38061c00, 0x38630000)
    rw space 12288K,  52% used [0x38630000, 0x38c762c0, 0x38c76400, 0x39230000)
}

Deoptimization events (0 events):
No events

Internal exceptions (10 events):
Event: 5.688 Thread 0x0135cc00 Threw 0x23f60240 at C:\re\jdk7u45\229\hotspot\src\share\vm\prims\jvm.cpp:1244
Event: 5.769 Thread 0x0135cc00 Threw 0x2400d068 at C:\re\jdk7u45\229\hotspot\src\share\vm\prims\jvm.cpp:1244
Event: 5.770 Thread 0x0135cc00 Threw 0x24010f88 at C:\re\jdk7u45\229\hotspot\src\share\vm\prims\jvm.cpp:1244
Event: 5.771 Thread 0x0135cc00 Threw 0x240200a8 at C:\re\jdk7u45\229\hotspot\src\share\vm\prims\jvm.cpp:1244
Event: 5.776 Thread 0x0135cc00 Threw 0x24036900 at C:\re\jdk7u45\229\hotspot\src\share\vm\prims\jvm.cpp:1244
Event: 5.780 Thread 0x0135cc00 Threw 0x2404d270 at C:\re\jdk7u45\229\hotspot\src\share\vm\prims\jvm.cpp:1244
Event: 5.784 Thread 0x0135cc00 Threw 0x24063f18 at C:\re\jdk7u45\229\hotspot\src\share\vm\prims\jvm.cpp:1244
Event: 5.818 Thread 0x0135cc00 Threw 0x2407abe8 at C:\re\jdk7u45\229\hotspot\src\share\vm\prims\jvm.cpp:1244
Event: 5.819 Thread 0x0135cc00 Threw 0x2407eb48 at C:\re\jdk7u45\229\hotspot\src\share\vm\prims\jvm.cpp:1244
Event: 5.845 Thread 0x0135cc00 Threw 0x23c49328 at C:\re\jdk7u45\229\hotspot\src\share\vm\prims\jvm.cpp:1244

Events (10 events):
Event: 5.828 Executing VM operation: RevokeBias
Event: 5.828 Executing VM operation: RevokeBias done
Event: 5.828 Executing VM operation: RevokeBias
Event: 5.828 Executing VM operation: RevokeBias done
Event: 5.828 Executing VM operation: RevokeBias
Event: 5.828 Executing VM operation: RevokeBias done
Event: 5.828 Executing VM operation: RevokeBias
Event: 5.828 Executing VM operation: RevokeBias done
Event: 5.845 loading class 0x01876a48
Event: 5.845 loading class 0x01876a48 done


Dynamic libraries:
0x00240000 - 0x0026f000 	C:\Program Files\Java\jre7\bin\javaw.exe
0x77920000 - 0x77a5c000 	C:\Windows\SYSTEM32\ntdll.dll
0x77150000 - 0x77224000 	C:\Windows\system32\kernel32.dll
0x75a40000 - 0x75a8b000 	C:\Windows\system32\KERNELBASE.dll
0x74fb0000 - 0x75021000 	C:\Windows\System32\SYSFER.DLL
0x77ab0000 - 0x77b50000 	C:\Windows\system32\ADVAPI32.dll
0x77650000 - 0x776fc000 	C:\Windows\system32\msvcrt.dll
0x769a0000 - 0x769b9000 	C:\Windows\SYSTEM32\sechost.dll
0x76ce0000 - 0x76d82000 	C:\Windows\system32\RPCRT4.dll
0x76b30000 - 0x76bf9000 	C:\Windows\system32\USER32.dll
0x778d0000 - 0x7791e000 	C:\Windows\system32\GDI32.dll
0x77aa0000 - 0x77aaa000 	C:\Windows\system32\LPK.dll
0x76e30000 - 0x76ecd000 	C:\Windows\system32\USP10.dll
0x74550000 - 0x746ee000 	C:\Windows\WinSxS\x86_microsoft.windows.common-controls_6595b64144ccf1df_6.0.7601.17514_none_41e6975e2bd6f2b2\COMCTL32.dll
0x76c80000 - 0x76cd7000 	C:\Windows\system32\SHLWAPI.dll
0x76e10000 - 0x76e2f000 	C:\Windows\system32\IMM32.DLL
0x75c80000 - 0x75d4c000 	C:\Windows\system32\MSCTF.dll
0x66390000 - 0x6644f000 	C:\Program Files\Java\jre7\bin\msvcr100.dll
0x684b0000 - 0x68830000 	C:\Program Files\Java\jre7\bin\client\jvm.dll
0x71f90000 - 0x71f97000 	C:\Windows\system32\WSOCK32.dll
0x769c0000 - 0x769f5000 	C:\Windows\system32\WS2_32.dll
0x77a90000 - 0x77a96000 	C:\Windows\system32\NSI.dll
0x73da0000 - 0x73dd2000 	C:\Windows\system32\WINMM.dll
0x77a80000 - 0x77a85000 	C:\Windows\system32\PSAPI.DLL
0x74500000 - 0x7450c000 	C:\Program Files\Java\jre7\bin\verify.dll
0x73a10000 - 0x73a30000 	C:\Program Files\Java\jre7\bin\java.dll
0x73a30000 - 0x73a43000 	C:\Program Files\Java\jre7\bin\zip.dll
0x68ed0000 - 0x68f8e000 	C:\Users\799943\AppData\Local\Temp\javacpp6376154850110\msvcr100.dll
0x6e430000 - 0x6e499000 	C:\Users\799943\AppData\Local\Temp\javacpp6376154850110\msvcp100.dll
0x70fc0000 - 0x71d59000 	C:\Users\799943\AppData\Local\Temp\javacpp6376154850110\opencv_ffmpeg246.dll
0x66180000 - 0x66384000 	C:\Users\799943\AppData\Local\Temp\javacpp6376154850110\opencv_core246.dll
0x657c0000 - 0x65a2a000 	C:\Users\799943\AppData\Local\Temp\javacpp6376154850110\opencv_imgproc246.dll
0x65f70000 - 0x6617a000 	C:\Users\799943\AppData\Local\Temp\javacpp6376154850110\opencv_highgui246.dll
0x77230000 - 0x7738c000 	C:\Windows\system32\ole32.dll
0x77390000 - 0x7741f000 	C:\Windows\system32\OLEAUT32.dll
0x6d230000 - 0x6d249000 	C:\Windows\system32\AVIFIL32.dll
0x73b60000 - 0x73b74000 	C:\Windows\system32\MSACM32.dll
0x6c3f0000 - 0x6c411000 	C:\Windows\system32\MSVFW32.dll
0x75d50000 - 0x7699a000 	C:\Windows\system32\SHELL32.dll
0x6c7d0000 - 0x6c7e3000 	C:\Windows\system32\AVICAP32.dll
0x74ce0000 - 0x74ce9000 	C:\Windows\system32\VERSION.dll
0x68e50000 - 0x68ecc000 	C:\Users\799943\AppData\Local\Temp\javacpp6376154850110\opencv_flann246.dll
0x65700000 - 0x657b6000 	C:\Users\799943\AppData\Local\Temp\javacpp6376154850110\opencv_features2d246.dll
0x6c3b0000 - 0x6c3e8000 	C:\Users\799943\AppData\Local\Temp\javacpp6376154850110\jniopencv_features2d.dll
0x65630000 - 0x656f6000 	C:\Users\799943\AppData\Local\Temp\javacpp6376154850110\opencv_calib3d246.dll
0x65580000 - 0x65626000 	C:\Users\799943\AppData\Local\Temp\javacpp6376154850110\opencv_objdetect246.dll
0x6c340000 - 0x6c375000 	C:\Users\799943\AppData\Local\Temp\javacpp6376154850110\opencv_photo246.dll
0x666b0000 - 0x66731000 	C:\Users\799943\AppData\Local\Temp\javacpp6376154850110\opencv_ml246.dll
0x68c80000 - 0x68ce0000 	C:\Users\799943\AppData\Local\Temp\javacpp6376154850110\opencv_video246.dll
0x641e0000 - 0x64313000 	C:\Users\799943\AppData\Local\Temp\javacpp6376154850110\opencv_legacy246.dll
0x65510000 - 0x6557e000 	C:\Users\799943\AppData\Local\Temp\javacpp6376154850110\opencv_gpu246.dll
0x654a0000 - 0x65508000 	C:\Users\799943\AppData\Local\Temp\javacpp6376154850110\opencv_nonfree246.dll
0x03b00000 - 0x03b0e000 	C:\Users\799943\AppData\Local\Temp\javacpp6376154850110\jniopencv_nonfree.dll
0x64160000 - 0x641d5000 	C:\Users\799943\AppData\Local\Temp\javacpp6376154850110\jniopencv_core.dll
0x03b10000 - 0x03b1f000 	C:\Users\799943\AppData\Local\Temp\javacpp6376154850110\jniopencv_highgui.dll
0x65c80000 - 0x65d6b000 	C:\Windows\system32\dbghelp.dll

VM Arguments:
jvm_args: -Djava.library.path=C:\OpenCV-2.4.8\opencv\build\x86;C:\OpenCV-2.4.8\opencv\build\x86 -Dfile.encoding=Cp1252 
java_command: demo
Launcher Type: SUN_STANDARD

Environment Variables:
JAVA_HOME=C:\Program Files\Java\jdk1.7.0_45
CLASSPATH=.;C:\Program Files\Java\jre6\lib\ext\QTJava.zip
PATH=C:/Program Files/Java/jre7/bin/client;C:/Program Files/Java/jre7/bin;C:/Program Files/Java/jre7/lib/i386;C:\Windows\system32;C:\Windows;C:\Windows\System32\Wbem;C:\Windows\System32\WindowsPowerShell\v1.0\;C:\Program Files\QuickTime\QTSystem\;C:\Program Files\Intel\WiFi\bin\;C:\Program Files\Common Files\Intel\WirelessCommon\;C:\Program Files\Common Files\Lenovo;C:\Program Files\Apache Software Foundation\apache-maven-3.1.1;C:\Program Files\Apache Software Foundation\apache-maven-3.1.1\bin;C:\Program Files\Java\jdk1.7.0_45\bin;C:\Program Files\Apache Software Foundation\apache-tomcat-7.0.47\bin;C:\MinGW\bin;C:\opencv\build\x86\vc10\bin;C:\opencv\build\common\tbb\ia32\vc10;C:\opencv\build\gpu\x86\bin;C:\opencv\build\common\tbb\ia32\vc10;C:\opencv\build\include\opencv;C:\opencv\build\include\opencv2\highgui;C:\opencv\build\x86\mingw\bin;C:\Eclipse Again\eclipse;
USERNAME=799943
OS=Windows_NT
PROCESSOR_IDENTIFIER=x86 Family 6 Model 58 Stepping 9, GenuineIntel



---------------  S Y S T E M  ---------------

OS: Windows 7 Build 7601 Service Pack 1

CPU:total 4 (2 cores per cpu, 2 threads per core) family 6 model 58 stepping 9, cmov, cx8, fxsr, mmx, sse, sse2, sse3, ssse3, sse4.1, sse4.2, popcnt, avx, aes, erms, ht, tsc, tscinvbit, tscinv

Memory: 4k page, physical 3368200k(1372856k free), swap 9662000k(7480168k free)

vm_info: Java HotSpot(TM) Client VM (24.45-b08) for windows-x86 JRE (1.7.0_45-b18), built on Oct  8 2013 06:02:43 by "java_re" with unknown MS VC++:1600

time: Thu Jan 09 08:45:37 2014
elapsed time: 5 seconds

